18-04-2025 02:37:28 - INFO - Getting video quality
18-04-2025 02:37:52 - INFO - Converting thumbnail to base64
18-04-2025 02:37:52 - INFO - Removing thumbnail
18-04-2025 02:37:52 - INFO - Extracting video information
18-04-2025 02:38:08 - INFO - Finalizing video information
18-04-2025 02:38:17 - INFO - Getting video quality
18-04-2025 02:38:53 - INFO - Converting thumbnail to base64
18-04-2025 02:38:53 - INFO - Removing thumbnail
18-04-2025 02:38:53 - INFO - Extracting video information
18-04-2025 02:39:10 - INFO - Finalizing video information
19-04-2025 19:12:47 - INFO - Getting video quality
19-04-2025 19:13:09 - INFO - Converting thumbnail to base64
19-04-2025 19:13:09 - INFO - Removing thumbnail
19-04-2025 19:13:09 - INFO - Extracting video information
19-04-2025 19:13:19 - INFO - Finalizing video information
20-04-2025 03:02:53 - INFO - Getting video quality
20-04-2025 03:03:11 - INFO - Converting thumbnail to base64
20-04-2025 03:03:11 - INFO - Removing thumbnail
20-04-2025 03:03:11 - INFO - Extracting video information
20-04-2025 03:03:19 - INFO - Finalizing video information
20-04-2025 18:49:23 - INFO - Getting video quality
20-04-2025 18:49:55 - INFO - Converting thumbnail to base64
20-04-2025 18:49:55 - INFO - Removing thumbnail
20-04-2025 18:49:55 - INFO - Extracting video information
20-04-2025 18:50:10 - INFO - Finalizing video information
20-04-2025 19:03:45 - INFO - Getting video quality
20-04-2025 19:04:15 - INFO - Converting thumbnail to base64
20-04-2025 19:04:15 - INFO - Removing thumbnail
20-04-2025 19:04:15 - INFO - Extracting video information
20-04-2025 19:04:29 - INFO - Finalizing video information
